<?xml version="1.0" encoding="UTF-8"?>
<!-- Generated by org.testng.reporters.JUnitReportReporter -->
<testsuite hostname="rbs-HP-ProBook-450-G1" name="houseofithadtest.HouseOfIthadTestSuite" tests="1" failures="0" timestamp="21 Nov 2016 09:35:35 GMT" time="40.411" errors="0">
  <testcase name="HouseOfIthad" time="40.411" classname="houseofithadtest.HouseOfIthadTestSuite"/>
</testsuite> <!-- houseofithadtest.HouseOfIthadTestSuite -->
