<?xml version="1.0" encoding="UTF-8"?>
<!-- Generated by org.testng.reporters.JUnitReportReporter -->
<testsuite hostname="rbs-HP-ProBook-450-G1" name="houseofithadtest.HouseOfIthadTestSuite" tests="1" failures="0" timestamp="22 Nov 2016 14:20:20 GMT" time="54.337" errors="0">
  <testcase name="HouseOfIthad" time="54.337" classname="houseofithadtest.HouseOfIthadTestSuite"/>
</testsuite> <!-- houseofithadtest.HouseOfIthadTestSuite -->
